<?xml version="1.0" encoding="UTF-8"?>
<testsuite xmlns:xsi="http://www.w3.org/2001/XMLSchema-instance" xsi:noNamespaceSchemaLocation="https://maven.apache.org/surefire/maven-surefire-plugin/xsd/surefire-test-report-3.0.xsd" version="3.0" name="com.example.PaperPal.PaperPalApplicationTests" time="19.956" tests="1" errors="0" skipped="0" failures="0">
  <properties>
[...]
</properties>
  <testcase name="contextLoads" classname="com.example.PaperPal.PaperPalApplicationTests" time="2.178">
    <system-out><![CDATA[23:45:11.402 [main] INFO org.springframework.test.context.support.AnnotationConfigContextLoaderUtils -- Could not detect default configuration classes for test class [com.example.PaperPal.PaperPalApplicationTests]: PaperPalApplicationTests does not declare any static, non-private, non-final, nested classes annotated with @Configuration.
23:45:11.650 [main] INFO org.springframework.boot.test.context.SpringBootTestContextBootstrapper -- Found @SpringBootConfiguration com.example.PaperPal.PaperPalApplication for test class com.example.PaperPal.PaperPalApplicationTests


███╗   ███╗███████╗██████╗ ██╗  ██╗ █████╗ ███╗   ██╗███████╗██╗  ██╗    ███████╗██╗  ██╗ █████╗ ██████╗ ███╗   ███╗ █████╗
████╗ ████║██╔════╝██╔══██╗██║  ██║██╔══██╗████╗  ██║██╔════╝██║  ██║    ██╔════╝██║  ██║██╔══██╗██╔══██╗████╗ ████║██╔══██╗
██╔████╔██║█████╗  ██║  ██║███████║███████║██╔██╗ ██║███████╗███████║    ███████╗███████║███████║██████╔╝██╔████╔██║███████║
██║╚██╔╝██║██╔══╝  ██║  ██║██╔══██║██╔══██║██║╚██╗██║╚════██║██╔══██║    ╚════██║██╔══██║██╔══██║██╔══██╗██║╚██╔╝██║██╔══██║
██║ ╚═╝ ██║███████╗██████╔╝██║  ██║██║  ██║██║ ╚████║███████║██║  ██║    ███████║██║  ██║██║  ██║██║  ██║██║ ╚═╝ ██║██║  ██║
╚═╝     ╚═╝╚══════╝╚═════╝ ╚═╝  ╚═╝╚═╝  ╚═╝╚═╝  ╚═══╝╚══════╝╚═╝  ╚═╝    ╚══════╝╚═╝  ╚═╝╚═╝  ╚═╝╚═╝  ╚═╝╚═╝     ╚═╝╚═╝  ╚═╝
PaperPal                                                                  Spring Boot(3.2.8)
2025-01-26T23:45:12.722+05:30  WARN 12376 --- [PaperPal] [           main] ory$DuplicateJsonObjectContextCustomizer : 

Found multiple occurrences of org.json.JSONObject on the class path:

	jar:file:/C:/Users/Medhansh%20Sharma/.m2/repository/org/json/json/20240303/json-20240303.jar!/org/json/JSONObject.class
	jar:file:/C:/Users/Medhansh%20Sharma/.m2/repository/com/vaadin/external/google/android-json/0.0.20131108.vaadin1/android-json-0.0.20131108.vaadin1.jar!/org/json/JSONObject.class

You may wish to exclude one of them to ensure predictable runtime behavior

2025-01-26T23:45:12.756+05:30  INFO 12376 --- [PaperPal] [           main] c.e.PaperPal.PaperPalApplicationTests    : Starting PaperPalApplicationTests using Java 17.0.11 with PID 12376 (started by Medhansh Sharma in C:\Users\Medhansh Sharma\Desktop\PaperPal)
2025-01-26T23:45:12.758+05:30  INFO 12376 --- [PaperPal] [           main] c.e.PaperPal.PaperPalApplicationTests    : No active profile set, falling back to 1 default profile: "default"
2025-01-26T23:45:15.548+05:30  INFO 12376 --- [PaperPal] [           main] .s.d.r.c.RepositoryConfigurationDelegate : Bootstrapping Spring Data MongoDB repositories in DEFAULT mode.
2025-01-26T23:45:15.856+05:30  INFO 12376 --- [PaperPal] [           main] .s.d.r.c.RepositoryConfigurationDelegate : Finished Spring Data repository scanning in 297 ms. Found 4 MongoDB repository interfaces.
2025-01-26T23:45:18.257+05:30  INFO 12376 --- [PaperPal] [2lb.mongodb.net] org.mongodb.driver.cluster               : Adding discovered server ac-3amp77c-shard-00-02.gpk02lb.mongodb.net:27017 to client view of cluster
2025-01-26T23:45:18.479+05:30  INFO 12376 --- [PaperPal] [           main] org.mongodb.driver.client                : MongoClient with metadata {"application": {"name": "Cluster1"}, "driver": {"name": "mongo-java-driver|sync|spring-boot", "version": "4.11.3"}, "os": {"type": "Windows", "name": "Windows 11", "architecture": "amd64", "version": "10.0"}, "platform": "Java/Oracle Corporation/17.0.11+7-LTS-207"} created with settings MongoClientSettings{readPreference=primary, writeConcern=WriteConcern{w=majority, wTimeout=null ms, journal=null}, retryWrites=true, retryReads=true, readConcern=ReadConcern{level=null}, credential=MongoCredential{mechanism=null, userName='sharmamedhansh21', source='admin', password=<hidden>, mechanismProperties=<hidden>}, transportSettings=null, streamFactoryFactory=null, commandListeners=[], codecRegistry=ProvidersCodecRegistry{codecProviders=[ValueCodecProvider{}, BsonValueCodecProvider{}, DBRefCodecProvider{}, DBObjectCodecProvider{}, DocumentCodecProvider{}, CollectionCodecProvider{}, IterableCodecProvider{}, MapCodecProvider{}, GeoJsonCodecProvider{}, GridFSFileCodecProvider{}, Jsr310CodecProvider{}, JsonObjectCodecProvider{}, BsonCodecProvider{}, EnumCodecProvider{}, com.mongodb.client.model.mql.ExpressionCodecProvider@5d14e99e, com.mongodb.Jep395RecordCodecProvider@38cfecf3, com.mongodb.KotlinCodecProvider@682618e5]}, loggerSettings=LoggerSettings{maxDocumentLength=1000}, clusterSettings={hosts=[127.0.0.1:27017], srvHost=cluster1.gpk02lb.mongodb.net, srvServiceName=mongodb, mode=MULTIPLE, requiredClusterType=REPLICA_SET, requiredReplicaSetName='atlas-eto8nn-shard-0', serverSelector='null', clusterListeners='[]', serverSelectionTimeout='30000 ms', localThreshold='15 ms'}, socketSettings=SocketSettings{connectTimeoutMS=10000, readTimeoutMS=0, receiveBufferSize=0, proxySettings=ProxySettings{host=null, port=null, username=null, password=null}}, heartbeatSocketSettings=SocketSettings{connectTimeoutMS=10000, readTimeoutMS=10000, receiveBufferSize=0, proxySettings=ProxySettings{host=null, port=null, username=null, password=null}}, connectionPoolSettings=ConnectionPoolSettings{maxSize=100, minSize=0, maxWaitTimeMS=120000, maxConnectionLifeTimeMS=0, maxConnectionIdleTimeMS=0, maintenanceInitialDelayMS=0, maintenanceFrequencyMS=60000, connectionPoolListeners=[], maxConnecting=2}, serverSettings=ServerSettings{heartbeatFrequencyMS=10000, minHeartbeatFrequencyMS=500, serverListeners='[]', serverMonitorListeners='[]'}, sslSettings=SslSettings{enabled=true, invalidHostNameAllowed=false, context=null}, applicationName='Cluster1', compressorList=[], uuidRepresentation=JAVA_LEGACY, serverApi=null, autoEncryptionSettings=null, dnsClient=null, inetAddressResolver=null, contextProvider=null}
2025-01-26T23:45:18.521+05:30  INFO 12376 --- [PaperPal] [2lb.mongodb.net] org.mongodb.driver.cluster               : Adding discovered server ac-3amp77c-shard-00-01.gpk02lb.mongodb.net:27017 to client view of cluster
2025-01-26T23:45:18.606+05:30  INFO 12376 --- [PaperPal] [2lb.mongodb.net] org.mongodb.driver.cluster               : Adding discovered server ac-3amp77c-shard-00-00.gpk02lb.mongodb.net:27017 to client view of cluster
2025-01-26T23:45:21.493+05:30  INFO 12376 --- [PaperPal] [ngodb.net:27017] org.mongodb.driver.cluster               : Monitor thread successfully connected to server with description ServerDescription{address=ac-3amp77c-shard-00-02.gpk02lb.mongodb.net:27017, type=REPLICA_SET_PRIMARY, state=CONNECTED, ok=true, minWireVersion=0, maxWireVersion=25, maxDocumentSize=16777216, logicalSessionTimeoutMinutes=30, roundTripTimeNanos=1118958800, setName='atlas-eto8nn-shard-0', canonicalAddress=ac-3amp77c-shard-00-02.gpk02lb.mongodb.net:27017, hosts=[ac-3amp77c-shard-00-00.gpk02lb.mongodb.net:27017, ac-3amp77c-shard-00-02.gpk02lb.mongodb.net:27017, ac-3amp77c-shard-00-01.gpk02lb.mongodb.net:27017], passives=[], arbiters=[], primary='ac-3amp77c-shard-00-02.gpk02lb.mongodb.net:27017', tagSet=TagSet{[Tag{name='availabilityZone', value='aps1-az2'}, Tag{name='diskState', value='READY'}, Tag{name='nodeType', value='ELECTABLE'}, Tag{name='provider', value='AWS'}, Tag{name='region', value='AP_SOUTH_1'}, Tag{name='workloadType', value='OPERATIONAL'}]}, electionId=7fffffff000000000000027c, setVersion=171, topologyVersion=TopologyVersion{processId=6796707a9fb5f15ddc53600c, counter=6}, lastWriteDate=Sun Jan 26 23:45:27 IST 2025, lastUpdateTimeNanos=31594724915200}
2025-01-26T23:45:21.504+05:30  INFO 12376 --- [PaperPal] [ngodb.net:27017] org.mongodb.driver.cluster               : Discovered replica set primary ac-3amp77c-shard-00-02.gpk02lb.mongodb.net:27017 with max election id 7fffffff000000000000027c and max set version 171
2025-01-26T23:45:21.526+05:30  INFO 12376 --- [PaperPal] [ngodb.net:27017] org.mongodb.driver.cluster               : Monitor thread successfully connected to server with description ServerDescription{address=ac-3amp77c-shard-00-00.gpk02lb.mongodb.net:27017, type=REPLICA_SET_SECONDARY, state=CONNECTED, ok=true, minWireVersion=0, maxWireVersion=25, maxDocumentSize=16777216, logicalSessionTimeoutMinutes=30, roundTripTimeNanos=186330500, setName='atlas-eto8nn-shard-0', canonicalAddress=ac-3amp77c-shard-00-00.gpk02lb.mongodb.net:27017, hosts=[ac-3amp77c-shard-00-00.gpk02lb.mongodb.net:27017, ac-3amp77c-shard-00-02.gpk02lb.mongodb.net:27017, ac-3amp77c-shard-00-01.gpk02lb.mongodb.net:27017], passives=[], arbiters=[], primary='ac-3amp77c-shard-00-02.gpk02lb.mongodb.net:27017', tagSet=TagSet{[Tag{name='availabilityZone', value='aps1-az1'}, Tag{name='diskState', value='READY'}, Tag{name='nodeType', value='ELECTABLE'}, Tag{name='provider', value='AWS'}, Tag{name='region', value='AP_SOUTH_1'}, Tag{name='workloadType', value='OPERATIONAL'}]}, electionId=null, setVersion=171, topologyVersion=TopologyVersion{processId=67966d3c763aa72725d72a21, counter=4}, lastWriteDate=Sun Jan 26 23:45:28 IST 2025, lastUpdateTimeNanos=31594791968800}
2025-01-26T23:45:21.533+05:30  INFO 12376 --- [PaperPal] [ngodb.net:27017] org.mongodb.driver.cluster               : Monitor thread successfully connected to server with description ServerDescription{address=ac-3amp77c-shard-00-01.gpk02lb.mongodb.net:27017, type=REPLICA_SET_SECONDARY, state=CONNECTED, ok=true, minWireVersion=0, maxWireVersion=25, maxDocumentSize=16777216, logicalSessionTimeoutMinutes=30, roundTripTimeNanos=188374800, setName='atlas-eto8nn-shard-0', canonicalAddress=ac-3amp77c-shard-00-01.gpk02lb.mongodb.net:27017, hosts=[ac-3amp77c-shard-00-00.gpk02lb.mongodb.net:27017, ac-3amp77c-shard-00-02.gpk02lb.mongodb.net:27017, ac-3amp77c-shard-00-01.gpk02lb.mongodb.net:27017], passives=[], arbiters=[], primary='ac-3amp77c-shard-00-02.gpk02lb.mongodb.net:27017', tagSet=TagSet{[Tag{name='availabilityZone', value='aps1-az3'}, Tag{name='diskState', value='READY'}, Tag{name='nodeType', value='ELECTABLE'}, Tag{name='provider', value='AWS'}, Tag{name='region', value='AP_SOUTH_1'}, Tag{name='workloadType', value='OPERATIONAL'}]}, electionId=null, setVersion=171, topologyVersion=TopologyVersion{processId=67967378cf418a29959fc559, counter=3}, lastWriteDate=Sun Jan 26 23:45:28 IST 2025, lastUpdateTimeNanos=31594798216900}
2025-01-26T23:45:26.854+05:30  INFO 12376 --- [PaperPal] [           main] o.s.s.web.DefaultSecurityFilterChain     : Will secure any request with [org.springframework.security.web.session.DisableEncodeUrlFilter@4ce18cec, org.springframework.security.web.context.request.async.WebAsyncManagerIntegrationFilter@2a9f8d47, org.springframework.security.web.context.SecurityContextHolderFilter@5c13af01, org.springframework.security.web.header.HeaderWriterFilter@37142579, org.springframework.security.web.authentication.logout.LogoutFilter@46fa2a7e, org.springframework.security.oauth2.client.web.OAuth2AuthorizationRequestRedirectFilter@6a38e3d1, org.springframework.security.oauth2.client.web.OAuth2LoginAuthenticationFilter@3149409c, org.springframework.security.web.authentication.UsernamePasswordAuthenticationFilter@3dd66ff5, org.springframework.security.web.authentication.www.BasicAuthenticationFilter@1c0cf193, org.springframework.security.web.savedrequest.RequestCacheAwareFilter@47c5cbf2, org.springframework.security.web.servletapi.SecurityContextHolderAwareRequestFilter@519b0f00, org.springframework.security.web.authentication.AnonymousAuthenticationFilter@51297528, org.springframework.security.web.access.ExceptionTranslationFilter@55fe9c2f, org.springframework.security.web.access.intercept.AuthorizationFilter@603c2dee]
2025-01-26T23:45:28.786+05:30  INFO 12376 --- [PaperPal] [           main] c.e.PaperPal.PaperPalApplicationTests    : Started PaperPalApplicationTests in 16.728 seconds (process running for 19.631)
]]></system-out>
  </testcase>
</testsuite>